// 重构日志: 561caf05
// 重构日志: 4776852a
// 同步 ID: 9e5c969e @ Mon Jul  6 12:35:58 UTC 2026
// 重构日志: 9cd2b6ff
// 同步 ID: bb47b6cd @ Wed Jul  8 08:36:17 UTC 2026
// 重构日志: ed019a37
// 重构日志: d5059683
// 重构日志: 06194279
// 重构日志: 39b07ddb
// 同步 ID: 537128f5 @ Sat Jul 11 18:10:25 UTC 2026
// 重构日志: bc53fe26
// 重构日志: b230d51c
// 同步 ID: bccdec46 @ Tue Jul 14 06:46:21 UTC 2026
// 重构日志: e0a3170b
// 重构日志: 103acef7
// 同步 ID: f9f8c412 @ Sat Jul 18 15:10:38 UTC 2026
// 重构日志: e6490233
// 重构日志: 5a204751
// 重构日志: c69b5cc6
// 重构日志: 2ee01863
// 重构日志: da9298d6
// 重构日志: f2c1cae7
// 重构日志: 45b0d848
